time: 0.000390 :read 3 elem from file /root/centoscloud/cube-1.3/proc/main/base_define/namelist.json!
time: 0.000596 :read 4 elem from file /root/centoscloud/cube-1.3/proc/main/base_define/dispatchnamelist.json!
time: 0.000698 :read 1 elem from file /root/centoscloud/cube-1.3/proc/main/base_define/typelist.json!
time: 0.001106 :read 7 elem from file /root/centoscloud/cube-1.3/proc/main/base_define/subtypelist.json!
time: 0.001175 :read 1 elem from file /root/centoscloud/cube-1.3/proc/main/base_define/baseflag.json!
time: 0.001537 :read 3 elem from file /root/centoscloud/cube-1.3/proc/main/base_define/memdb.json!
time: 0.002291 :read 7 elem from file /root/centoscloud/cube-1.3/proc/main/base_define/msghead.json!
time: 0.002605 :read 2 elem from file /root/centoscloud/cube-1.3/proc/main/base_define/msgrecord.json!
time: 0.003660 :read 11 elem from file /root/centoscloud/cube-1.3/proc/main/base_define/base_msg.json!
time: 0.004490 :read 9 elem from file /root/centoscloud/cube-1.3/proc/main/base_define/return.json!
time: 0.004860 :read 3 elem from file /root/centoscloud/cube-1.3/proc/main/base_define/dispatchrecord.json!
time: 0.005048 :read 2 elem from file /root/centoscloud/cube-1.3/proc/main/base_define/exmoduledefine.json!
time: 0.005215 :read 1 elem from file /root/centoscloud/cube-1.3/proc/main/base_define/sys_conn.json!
time: 0.005743 :read 6 elem from file /root/centoscloud/cube-1.3/proc/main/base_define/cube_audit.json!
time: 0.008334 :read 5 elem from file modbus_tcp.json!
time: 0.009286 :read 9 elem from file modbus_state.json!
time: 0.010520 :read 13 elem from file modbus_cmd.json!
time: 0.011279 :read 9 elem from file user_define.json!
time: 0.012840 :read 16 elem from file plc_emu.json!
time: 0.012865 :proc_share_data_setvalue: set proc_name value
time: 0.018005 :this machine's local uuid is 989949064cc144d7cb71e69812300f8270cee7fd856560dec33c7fcdc57a088f

time: 0.018029 :proc_share_data_setvalue: set uuid value
time: 0.018041 :proc_share_data_getvalue: get proc_name value
time: 0.018057 :this instance's local proc uuid is 7d4a423c5dc082c7f0b9ac90b2f9ee3ab17542a9261004e15b3f7964feb0d0a2

time: 0.023465 :read 1 connector!

time: 0.023813 :read 4 policy from router_policy file!
time: 0.023908 :mkdir message_log for ervery router's message store!

time: 0.023947 :system plugin router_proc is prepared!
time: 0.029350 :system plugin connector_proc is prepared!
time: 0.029452 :ex_module connector_proc started successfully!
time: 0.029492 :ex_module router_proc started successfully!
time: 0.029527 :ex_module msg_send started successfully!
time: 0.029554 :ex_module msg_print started successfully!
time: 0.029560 :instance load 4 module!

time: 0.029587 :begin msgfile_send module!

time: 0.029606 :proc_share_data_getvalue: get uuid value
time: 0.029612 :proc_share_data_getvalue: get proc_name value
time: 0.029640 :proc_share_data_getvalue: get uuid value
time: 0.029646 :proc_share_data_getvalue: get proc_name value
time: 0.029748 :client monitor_client connect succeed!

time: 0.040120 :proc conn client receive 277 data!

time: 0.040306 :send 338 data to conn monitor_client!

time: 0.040323 :client monitor_client send 338 ack data to server !

time: 0.044857 :router get proc connector_proc's message 
time: 1.531486 :router get proc msg_send's message 
time: 1.531547 :new msg match path login's policy
time: 1.531800 :send message to conn process!
time: 1.532741 :send 194 data to conn monitor_client!

time: 1.532770 :send (576  4)message 194 to conn monitor_client!

time: 1.578935 :proc conn client receive 200 data!

time: 1.582525 :router get proc connector_proc's message 
time: 1.582570 :response remote msg match path login's policy
time: 1.582577 :router_proc: add message to send queue
time: 1.587890 :router get proc msg_print's message 
time: 1.034372 :router get proc msg_send's message 
time: 1.034424 :new msg match path ctrl_msg's policy
