
**************Begin new trust node proc****************************
{
 "HEAD":{"tag":"MESG","version":65537,"sender_uuid":"msg_send","receiver_uuid":"
    :engineer_client","route":"login","flow":"QUERY","state":"MATCH","flag":"NULL","
    ljump":1,"rjump":1,"record_type":"GENERAL_RETURN","record_subtype":"STRING","rec
    ord_num":1,"record_size":0,"expand_num":0,"expand_size":0,"msg_uuid":"c54b9586c6
    5c88300a296a390c1a722c32ceacb284d2c11f8df61254b56d9e4a"},
"RECORD":[
    {"name":"login","return_value":"zhao:123"}
    ],
"EXPAND" :[]
}

************************************************************
{
 "HEAD":{"tag":"MESG","version":65537,"sender_uuid":"50be473fb2b3d26c41b3345a5e9
    87410c027ec0a23f71aefd8b7fba0c1ceddea","receiver_uuid":"msg_print","route":"logi
    n","flow":"QUERY","state":"RESPONSE","flag":"LOCAL","ljump":1,"rjump":1,"record_
    type":"USER_DEFINE","record_subtype":"RETURN","record_num":1,"record_size":20,"e
    xpand_num":0,"expand_size":0,"msg_uuid":"c54b9586c65c88300a296a390c1a722c32ceacb
    284d2c11f8df61254b56d9e4a"},
"RECORD":[
    {"return_code":"SUCCEED","return_info":"login succeed!
"}
    ],
"EXPAND" :[]
}

************************************************************
{
 "HEAD":{"tag":"MESG","version":65537,"sender_uuid":"msg_print","receiver_uuid":
    "","route":"login","flow":"FINISH","state":"RESPONSE","flag":"LOCAL","ljump":2,"
    rjump":1,"record_type":"USER_DEFINE","record_subtype":"RETURN","record_num":1,"r
    ecord_size":20,"expand_num":0,"expand_size":0,"msg_uuid":"c54b9586c65c88300a296a
    390c1a722c32ceacb284d2c11f8df61254b56d9e4a"},
"RECORD":[
    {"return_code":"SUCCEED","return_info":"login succeed!
"}
    ],
"EXPAND" :[]
}
