time: 0.001261 :read 3 elem from file /root/centoscloud/cube-1.3/proc/main/base_define/namelist.json!
time: 0.001435 :read 4 elem from file /root/centoscloud/cube-1.3/proc/main/base_define/dispatchnamelist.json!
time: 0.001534 :read 1 elem from file /root/centoscloud/cube-1.3/proc/main/base_define/typelist.json!
time: 0.001894 :read 7 elem from file /root/centoscloud/cube-1.3/proc/main/base_define/subtypelist.json!
time: 0.001975 :read 1 elem from file /root/centoscloud/cube-1.3/proc/main/base_define/baseflag.json!
time: 0.002313 :read 3 elem from file /root/centoscloud/cube-1.3/proc/main/base_define/memdb.json!
time: 0.003063 :read 7 elem from file /root/centoscloud/cube-1.3/proc/main/base_define/msghead.json!
time: 0.003380 :read 2 elem from file /root/centoscloud/cube-1.3/proc/main/base_define/msgrecord.json!
time: 0.004313 :read 11 elem from file /root/centoscloud/cube-1.3/proc/main/base_define/base_msg.json!
time: 0.005114 :read 9 elem from file /root/centoscloud/cube-1.3/proc/main/base_define/return.json!
time: 0.005514 :read 3 elem from file /root/centoscloud/cube-1.3/proc/main/base_define/dispatchrecord.json!
time: 0.005705 :read 2 elem from file /root/centoscloud/cube-1.3/proc/main/base_define/exmoduledefine.json!
time: 0.005866 :read 1 elem from file /root/centoscloud/cube-1.3/proc/main/base_define/sys_conn.json!
time: 0.006355 :read 6 elem from file /root/centoscloud/cube-1.3/proc/main/base_define/cube_audit.json!
time: 0.006861 :read 5 elem from file modbus_tcp.json!
time: 0.007752 :read 9 elem from file modbus_state.json!
time: 0.008857 :read 13 elem from file modbus_cmd.json!
time: 0.009676 :read 10 elem from file user_define.json!
time: 0.011130 :read 16 elem from file plc_emu.json!
time: 0.011411 :read 4 elem from file plc_dev.json!
time: 0.011436 :proc_share_data_setvalue: set proc_name value
time: 0.047378 :this machine's local uuid is e1b35687ed25f36c612db60086c20be1d516084c5d867371471348a017fe1dc9

time: 0.047402 :proc_share_data_setvalue: set uuid value
time: 0.047417 :proc_share_data_getvalue: get proc_name value
time: 0.047435 :this instance's local proc uuid is 083b813da2fbec04e9b898cde0d228fb31511fe6f3c5b99a05acb75e21fc6c4d

time: 0.053332 :read 2 policy from router_policy file!
time: 0.053381 :mkdir message_log for ervery router's message store!

time: 0.053422 :system plugin router_proc is prepared!
time: 0.053775 :modbus_monitor: client 0x6497a00809b4 connect succeed!
time: 0.059255 :system plugin connector_proc is prepared!
time: 0.059398 :proc_share_data_getvalue: get uuid value
time: 0.059424 :proc_share_data_getvalue: get proc_name value
time: 0.059478 :ex_module connector_proc started successfully!
time: 0.059568 :ex_module router_proc started successfully!
time: 0.059598 :proc_share_data_getvalue: get uuid value
time: 0.059616 :proc_share_data_getvalue: get proc_name value
time: 0.059649 :ex_module modbus_monitor started successfully!
time: 0.059666 :instance load 3 module!

