time: 0.000475 :read 3 elem from file /root/centoscloud/cube-1.3/proc/main/base_define/namelist.json!
time: 0.000670 :read 4 elem from file /root/centoscloud/cube-1.3/proc/main/base_define/dispatchnamelist.json!
time: 0.000773 :read 1 elem from file /root/centoscloud/cube-1.3/proc/main/base_define/typelist.json!
time: 0.001156 :read 7 elem from file /root/centoscloud/cube-1.3/proc/main/base_define/subtypelist.json!
time: 0.001233 :read 1 elem from file /root/centoscloud/cube-1.3/proc/main/base_define/baseflag.json!
time: 0.001552 :read 3 elem from file /root/centoscloud/cube-1.3/proc/main/base_define/memdb.json!
time: 0.002328 :read 7 elem from file /root/centoscloud/cube-1.3/proc/main/base_define/msghead.json!
time: 0.002648 :read 2 elem from file /root/centoscloud/cube-1.3/proc/main/base_define/msgrecord.json!
time: 0.003533 :read 11 elem from file /root/centoscloud/cube-1.3/proc/main/base_define/base_msg.json!
time: 0.004267 :read 9 elem from file /root/centoscloud/cube-1.3/proc/main/base_define/return.json!
time: 0.004625 :read 3 elem from file /root/centoscloud/cube-1.3/proc/main/base_define/dispatchrecord.json!
time: 0.004813 :read 2 elem from file /root/centoscloud/cube-1.3/proc/main/base_define/exmoduledefine.json!
time: 0.004971 :read 1 elem from file /root/centoscloud/cube-1.3/proc/main/base_define/sys_conn.json!
time: 0.005492 :read 6 elem from file /root/centoscloud/cube-1.3/proc/main/base_define/cube_audit.json!
time: 0.006371 :read 10 elem from file user_define.json!
time: 0.007983 :read 16 elem from file plc_emu.json!
time: 0.008735 :read 7 elem from file file_trans.json!
time: 0.008764 :proc_share_data_setvalue: set proc_name value
time: 0.039543 :this machine's local uuid is e1b35687ed25f36c612db60086c20be1d516084c5d867371471348a017fe1dc9

time: 0.039567 :proc_share_data_setvalue: set uuid value
time: 0.039583 :proc_share_data_getvalue: get proc_name value
time: 0.039601 :this instance's local proc uuid is 8884e4186c086932cbfc8140f6e548ee5640ab919320fad00b6202a3a7d89ce2

time: 0.045542 :read 2 connector!

time: 0.045565 :conn server hacker_server begin to listen!

time: 0.045806 :read 2 policy from router_policy file!
time: 0.045853 :mkdir message_log for ervery router's message store!

time: 0.045986 :system plugin router_proc is prepared!
time: 0.051515 :system plugin connector_proc is prepared!
time: 0.051620 :ex_module connector_proc started successfully!
time: 0.051650 :proc_share_data_getvalue: get uuid value
time: 0.051669 :proc_share_data_getvalue: get proc_name value
time: 0.051702 :ex_module router_proc started successfully!
time: 0.051775 :ex_module login_hacker started successfully!
time: 0.051775 :ex_module login_hacker started successftime: 0.051793 :instance load 3 module!

time: 0.051826 :proc_share_data_getvalue: get uuid value
time: 0.051843 :proc_share_data_getvalue: get proc_name value
time: 0.063008 :proc conn client receive 277 data!

time: 0.063134 :send 348 data to conn center_client!

time: 0.063153 :client center_client send 348 ack data to server !

time: 0.067997 :router get proc connector_proc's message 
time: 1.061943 :create a new channel c002644!

time: 1.062058 :send 277 data to conn (null)!

time: 1.066656 :channel set name engineer_station!

time: 1.068831 :router get proc connector_proc's message 
time: 2.586613 :channel receive (4112 1) message from conn engineer_station!

time: 2.586646 :client forward (4112 1) message to main proc!

time: 2.591348 :router get proc connector_proc's message 
time: 2.591381 :remote msg match path login's policy
time: 2.602226 :router get proc login_hacker's message 
time: 2.602484 :send message to conn process!
time: 2.607769 :send 281 data to conn center_client!

time: 2.607792 :send (4112  1)message 281 to conn center_client!

time: 2.630023 :proc conn client receive 281 data!

time: 2.634333 :router get proc connector_proc's message 
time: 2.634361 :response remote msg match path login's policy
time: 2.634375 :router_proc: add message to send queue
time: 2.634621 :send message to conn process!
time: 2.634821 :send 281 data to conn engineer_station!

time: 2.634859 :send (4112  1)message 281 to conn engineer_station!

time: 2.675689 :proc conn client receive 237 data!

time: 2.676932 :router get proc connector_proc's message 
time: 2.676960 :response remote msg match path login's policy
time: 2.676974 :router_proc: add message to send queue
time: 2.677200 :send message to conn process!
time: 2.686717 :send 237 data to conn engineer_station!

time: 2.686741 :send (4112  4)message 237 to conn engineer_station!

