time: 0.001341 :read 3 elem from file /root/centoscloud/cube-1.3/proc/main/base_define/namelist.json!
time: 0.001540 :read 4 elem from file /root/centoscloud/cube-1.3/proc/main/base_define/dispatchnamelist.json!
time: 0.001649 :read 1 elem from file /root/centoscloud/cube-1.3/proc/main/base_define/typelist.json!
time: 0.002026 :read 7 elem from file /root/centoscloud/cube-1.3/proc/main/base_define/subtypelist.json!
time: 0.002100 :read 1 elem from file /root/centoscloud/cube-1.3/proc/main/base_define/baseflag.json!
time: 0.002468 :read 3 elem from file /root/centoscloud/cube-1.3/proc/main/base_define/memdb.json!
time: 0.003237 :read 7 elem from file /root/centoscloud/cube-1.3/proc/main/base_define/msghead.json!
time: 0.003543 :read 2 elem from file /root/centoscloud/cube-1.3/proc/main/base_define/msgrecord.json!
time: 0.004485 :read 11 elem from file /root/centoscloud/cube-1.3/proc/main/base_define/base_msg.json!
time: 0.005248 :read 9 elem from file /root/centoscloud/cube-1.3/proc/main/base_define/return.json!
time: 0.005612 :read 3 elem from file /root/centoscloud/cube-1.3/proc/main/base_define/dispatchrecord.json!
time: 0.005858 :read 2 elem from file /root/centoscloud/cube-1.3/proc/main/base_define/exmoduledefine.json!
time: 0.006029 :read 1 elem from file /root/centoscloud/cube-1.3/proc/main/base_define/sys_conn.json!
time: 0.006571 :read 6 elem from file /root/centoscloud/cube-1.3/proc/main/base_define/cube_audit.json!
time: 0.007536 :read 10 elem from file user_define.json!
time: 0.009062 :read 16 elem from file plc_emu.json!
time: 0.009096 :proc_share_data_setvalue: set proc_name value
time: 0.043786 :this machine's local uuid is a3b79442093273f93f1ea8d6361a8ddf4629440b88a5bee468c2d32d010ec5fc

time: 0.043821 :proc_share_data_setvalue: set uuid value
time: 0.043845 :proc_share_data_getvalue: get proc_name value
time: 0.043870 :this instance's local proc uuid is 14c262853ba422fbcae3ed8a81060078e00d6ffa519cb487b01a2c113f30e1ba

time: 0.049448 :read 2 connector!

time: 0.049477 :conn server manage_term begin to listen!

time: 0.049757 :read 3 policy from router_policy file!
time: 0.049804 :mkdir message_log for ervery router's message store!

time: 0.049999 :system plugin router_proc is prepared!
time: 0.055937 :system plugin connector_proc is prepared!
time: 0.056078 :ex_module connector_proc started successfully!
time: 0.056101 :proc_share_data_getvalue: get uuid value
time: 0.056132 :proc_share_data_getvalue: get proc_name value
time: 0.056170 :ex_module router_proc started successfully!
time: 0.056219 :client center_client connect succeed!

time: 0.056235 :ex_module msg_send started successfully!
time: 0.056262 :proc_share_data_getvalue: get uuid value
time: 0.056276 :proc_share_data_getvalue: get proc_name value
time: 0.056294 :ex_module msg_print started successfully!
time: 0.056308 :begin msgfile_send module!

time: 0.056488 :ex_module login_user started successfully!
time: 0.056589 :ex_module monitor_manage started successfully!
time: 0.056613 :instance load 6 module!

time: 0.067555 :proc conn client receive 279 data!

time: 0.067658 :send 350 data to conn center_client!

time: 0.067674 :client center_client send 350 ack data to server !

time: 0.072608 :router get proc connector_proc's message 
time: 2.067035 :create a new channel 40002654!

time: 2.067166 :send 277 data to conn (null)!

time: 2.070648 :channel set name monitor!

time: 2.071892 :router get proc connector_proc's message 
time: 3.580068 :channel receive (576 4) message from conn monitor!

time: 3.580119 :client forward (576 4) message to main proc!

time: 3.585388 :router get proc connector_proc's message 
time: 3.585436 :remote msg match path login's policy
time: 3.591058 :proc_share_data_getvalue: get uuid value
time: 3.591093 :proc_share_data_getvalue: get proc_name value
time: 3.591241 :router get proc login_user's message 
time: 3.591563 :send message to conn process!
time: 3.592405 :send 281 data to conn center_client!

time: 3.592436 :send (4112  1)message 281 to conn center_client!

time: 3.627953 :proc conn client receive 219 data!

time: 3.629589 :router get proc connector_proc's message 
time: 3.629615 :response remote msg match path login's policy
time: 3.629629 :router_proc: add message to send queue
time: 3.635088 :proc_share_data_getvalue: get uuid value
time: 3.635117 :proc_share_data_getvalue: get proc_name value
time: 3.635185 :router get proc login_user's message 
time: 3.635442 :send message to conn process!
time: 3.640160 :send 281 data to conn monitor!

time: 3.640186 :send (4112  1)message 281 to conn monitor!

time: 3.076497 :channel receive (139281 1) message from conn monitor!

time: 3.076537 :client forward (139281 1) message to main proc!

time: 3.082072 :router get proc connector_proc's message 
time: 3.082103 :remote msg match path monitor_ctrl's policy
time: 3.082380 :send message to conn process!
time: 3.082511 :send 214 data to conn center_client!

time: 3.082541 :send (139281  1)message 214 to conn center_client!

time: 4.245877 :proc conn client receive 213 data!

time: 4.250905 :router get proc connector_proc's message 
time: 4.250933 :response remote msg match path monitor_ctrl's policy
time: 4.250945 :router_proc: add message to send queue
time: 4.251185 :send message to conn process!
time: 4.256873 :send 213 data to conn monitor!

time: 4.256899 :send (139281  2)message 213 to conn monitor!

