time: 0.000760 :read 3 elem from file /root/centoscloud/cube-1.3/proc/main/base_define/namelist.json!
time: 0.001140 :read 4 elem from file /root/centoscloud/cube-1.3/proc/main/base_define/dispatchnamelist.json!
time: 0.001346 :read 1 elem from file /root/centoscloud/cube-1.3/proc/main/base_define/typelist.json!
time: 0.002225 :read 7 elem from file /root/centoscloud/cube-1.3/proc/main/base_define/subtypelist.json!
time: 0.002358 :read 1 elem from file /root/centoscloud/cube-1.3/proc/main/base_define/baseflag.json!
time: 0.003100 :read 3 elem from file /root/centoscloud/cube-1.3/proc/main/base_define/memdb.json!
time: 0.005337 :read 7 elem from file /root/centoscloud/cube-1.3/proc/main/base_define/msghead.json!
time: 0.006228 :read 2 elem from file /root/centoscloud/cube-1.3/proc/main/base_define/msgrecord.json!
time: 0.008705 :read 11 elem from file /root/centoscloud/cube-1.3/proc/main/base_define/base_msg.json!
time: 0.010589 :read 9 elem from file /root/centoscloud/cube-1.3/proc/main/base_define/return.json!
time: 0.011409 :read 3 elem from file /root/centoscloud/cube-1.3/proc/main/base_define/dispatchrecord.json!
time: 0.011825 :read 2 elem from file /root/centoscloud/cube-1.3/proc/main/base_define/exmoduledefine.json!
time: 0.012199 :read 1 elem from file /root/centoscloud/cube-1.3/proc/main/base_define/sys_conn.json!
time: 0.013383 :read 6 elem from file /root/centoscloud/cube-1.3/proc/main/base_define/cube_audit.json!
time: 0.015231 :read 9 elem from file user_define.json!
time: 0.018801 :read 16 elem from file plc_emu.json!
time: 0.018840 :proc_share_data_setvalue: set proc_name value
time: 0.024228 :this machine's local uuid is e7375209293ae13e914309c1f0a95a6f5d53836ed24fc8e97fcb8b300f17fcfd

time: 0.024263 :proc_share_data_setvalue: set uuid value
time: 0.024283 :proc_share_data_getvalue: get proc_name value
time: 0.024307 :this instance's local proc uuid is 133c54e6bbb686aedbb5f3b60fe67f957a30b6b3b7d4c380df59d9d4109cf0a6

time: 0.029664 :read 1 connector!

time: 0.030150 :read 4 policy from router_policy file!
time: 0.030225 :mkdir message_log for ervery router's message store!

time: 0.030349 :system plugin router_proc is prepared!
time: 0.035832 :system plugin connector_proc is prepared!
time: 0.035924 :ex_module connector_proc started successfully!
time: 0.035938 :proc_share_data_getvalue: get uuid value
time: 0.035964 :ex_module router_proc started successfully!
time: 0.035977 :proc_share_data_getvalue: get proc_name value
time: 0.036000 :ex_module msg_send started successfully!
time: 0.036035 :ex_module msg_print started successfully!
time: 0.036047 :instance load 4 module!

time: 0.036088 :begin msgfile_send module!

time: 0.036241 :proc_share_data_getvalue: get uuid value
time: 0.036274 :proc_share_data_getvalue: get proc_name value
time: 0.541346 :router get proc msg_send's message 
time: 0.541452 :new msg match path code_upload's policy
time: 0.541937 :send message to conn process!
