
**************Begin new trust node proc****************************
{
 "HEAD":{"tag":"MESG","version":65537,"sender_uuid":"msg_send","receiver_uuid":"
    :monitor_client","route":"login","flow":"QUERY","state":"MATCH","flag":"NULL","l
    jump":1,"rjump":1,"record_type":"GENERAL_RETURN","record_subtype":"STRING","reco
    rd_num":1,"record_size":0,"expand_num":0,"expand_size":0,"msg_uuid":"f80bbded33a
    6ef31e31751cf109c23b64e2ca63731d7d7b362dd9f2db5a62ad4"},
"RECORD":[
    {"name":"login","return_value":"sun:123"}
    ],
"EXPAND" :[]
}

************************************************************
{
 "HEAD":{"tag":"MESG","version":65537,"sender_uuid":"14c262853ba422fbcae3ed8a810
    60078e00d6ffa519cb487b01a2c113f30e1ba","receiver_uuid":"msg_print","route":"logi
    n","flow":"QUERY","state":"RESPONSE","flag":"LOCAL","ljump":1,"rjump":1,"record_
    type":"USER_DEFINE","record_subtype":"RETURN","record_num":1,"record_size":20,"e
    xpand_num":0,"expand_size":0,"msg_uuid":"f80bbded33a6ef31e31751cf109c23b64e2ca63
    731d7d7b362dd9f2db5a62ad4"},
"RECORD":[
    {"return_code":"SUCCEED","return_info":"login succeed!
"}
    ],
"EXPAND" :[]
}

************************************************************
{
 "HEAD":{"tag":"MESG","version":65537,"sender_uuid":"msg_print","receiver_uuid":
    "","route":"login","flow":"FINISH","state":"RESPONSE","flag":"LOCAL","ljump":2,"
    rjump":1,"record_type":"USER_DEFINE","record_subtype":"RETURN","record_num":1,"r
    ecord_size":20,"expand_num":0,"expand_size":0,"msg_uuid":"f80bbded33a6ef31e31751
    cf109c23b64e2ca63731d7d7b362dd9f2db5a62ad4"},
"RECORD":[
    {"return_code":"SUCCEED","return_info":"login succeed!
"}
    ],
"EXPAND" :[]
}
