time: 0.000434 :read 3 elem from file /root/centoscloud/cube-1.3/proc/main/base_define/namelist.json!
time: 0.000609 :read 4 elem from file /root/centoscloud/cube-1.3/proc/main/base_define/dispatchnamelist.json!
time: 0.000800 :read 1 elem from file /root/centoscloud/cube-1.3/proc/main/base_define/typelist.json!
time: 0.001193 :read 7 elem from file /root/centoscloud/cube-1.3/proc/main/base_define/subtypelist.json!
time: 0.001291 :read 1 elem from file /root/centoscloud/cube-1.3/proc/main/base_define/baseflag.json!
time: 0.001642 :read 3 elem from file /root/centoscloud/cube-1.3/proc/main/base_define/memdb.json!
time: 0.002397 :read 7 elem from file /root/centoscloud/cube-1.3/proc/main/base_define/msghead.json!
time: 0.002719 :read 2 elem from file /root/centoscloud/cube-1.3/proc/main/base_define/msgrecord.json!
time: 0.003688 :read 11 elem from file /root/centoscloud/cube-1.3/proc/main/base_define/base_msg.json!
time: 0.004447 :read 9 elem from file /root/centoscloud/cube-1.3/proc/main/base_define/return.json!
time: 0.004823 :read 3 elem from file /root/centoscloud/cube-1.3/proc/main/base_define/dispatchrecord.json!
time: 0.005014 :read 2 elem from file /root/centoscloud/cube-1.3/proc/main/base_define/exmoduledefine.json!
time: 0.005176 :read 1 elem from file /root/centoscloud/cube-1.3/proc/main/base_define/sys_conn.json!
time: 0.005657 :read 6 elem from file /root/centoscloud/cube-1.3/proc/main/base_define/cube_audit.json!
time: 0.006647 :read 10 elem from file user_define.json!
time: 0.008244 :read 16 elem from file plc_emu.json!
time: 0.008285 :proc_share_data_setvalue: set proc_name value
time: 0.043934 :this machine's local uuid is e1b35687ed25f36c612db60086c20be1d516084c5d867371471348a017fe1dc9

time: 0.043959 :proc_share_data_setvalue: set uuid value
time: 0.043975 :proc_share_data_getvalue: get proc_name value
time: 0.043993 :this instance's local proc uuid is 46405c5dad6c06aeb3bbf397c0ae56f88309b1e2268a5d12d7d33f4b38fba285

time: 0.049998 :read 1 connector!

time: 0.050283 :read 3 policy from router_policy file!
time: 0.050330 :mkdir message_log for ervery router's message store!

time: 0.050467 :system plugin router_proc is prepared!
time: 0.056330 :system plugin connector_proc is prepared!
time: 0.056432 :ex_module connector_proc started successfully!
time: 0.056463 :proc_share_data_getvalue: get uuid value
time: 0.056480 :proc_share_data_getvalue: get proc_name value
time: 0.056515 :ex_module router_proc started successfully!
time: 0.056585 :client operator_client connect succeed!

time: 0.056585 :client operator_client connect succeed!

time: 0.056634 :proc_share_data_getvalue: get uuid value
time: 0.056656 :ex_module msg_print started successfully!
lue
time: 0.056656 :ex_module msg_print started successfully!
time: 0.056670 :instance load 4 module!

time: 0.056691 :begin msgfile_send module!

time: 0.067318 :proc conn client receive 281 data!

time: 0.067419 :send 344 data to conn operator_client!

time: 0.067434 :client operator_client send 344 ack data to server !

time: 0.072110 :router get proc connector_proc's message 
time: 0.563904 :router get proc msg_send's message 
time: 0.563954 :new msg match path operator_cmd's policy
time: 0.564254 :send message to conn process!
time: 0.564856 :send 215 data to conn operator_client!

time: 0.564884 :send (139281  1)message 215 to conn operator_client!

time: 1.689959 :proc conn client receive 214 data!

time: 1.692913 :router get proc connector_proc's message 
time: 1.692944 :response remote msg match path operator_cmd's policy
time: 1.692957 :router_proc: add message to send queue
time: 1.703764 :router get proc msg_print's message 
time: 1.063025 :router get proc msg_send's message 
time: 1.063073 :new msg match path operator_cmd's policy
time: 1.063293 :send message to conn process!
time: 1.065749 :send 214 data to conn operator_client!

time: 1.065775 :send (139281  1)message 214 to conn operator_client!

time: 1.182301 :proc conn client receive 217 data!

time: 1.186542 :router get proc connector_proc's message 
time: 1.186581 :response remote msg match path operator_cmd's policy
time: 1.186610 :router_proc: add message to send queue
time: 1.191902 :router get proc msg_print's message 
time: 1.559580 :router get proc msg_send's message 
time: 1.559624 :new msg match path ctrl_msg's policy
