
**************Begin new trust node proc****************************
{
 "HEAD":{"tag":"MESG","version":65537,"sender_uuid":"7e6f00cd9b0782f4ab4564cf2f0
    98f4143360651211952aabefa9f85d16d5080","receiver_uuid":"login_user","route":"log
    in","flow":"QUERY","state":"MATCH","flag":"LOCAL","ljump":1,"rjump":2,"record_ty
    pe":"GENERAL_RETURN","record_subtype":"STRING","record_num":1,"record_size":15,"
    expand_num":0,"expand_size":0,"msg_uuid":"88bb568865f568c617bc6f01ac34ba0246fbac
    f44e0b46f63932760bbbe16bc1"},
"RECORD":[
    {"name":"login","return_value":"zhao:123"}
    ],
"EXPAND" :[]
}

************************************************************
{
 "HEAD":{"tag":"MESG","version":65537,"sender_uuid":"login_user","receiver_uuid"
    :":center_client","route":"login","flow":"QUERY","state":"MATCH","flag":"NULL","
    ljump":2,"rjump":2,"record_type":"USER_DEFINE","record_subtype":"LOGIN","record_
    num":1,"record_size":0,"expand_num":0,"expand_size":0,"msg_uuid":"88bb568865f568
    c617bc6f01ac34ba0246fbacf44e0b46f63932760bbbe16bc1"},
"RECORD":[
    {"user_name":"zhao","passwd":"d31NNOrJ3fIPdbqf7tDboTk75P7GWdh6pUdTm38Yd3s","proc
        _name":"","machine_uuid":"a3b79442093273f93f1ea8d6361a8ddf4629440b88a5bee468c2d3
        2d010ec5fc"}
    ],
"EXPAND" :[]
}

************************************************************
{
 "HEAD":{"tag":"MESG","version":65537,"sender_uuid":"5d229d8cfc7671ce4a2421a01f2
    4a52e4bbf59c94a840d3c68aac26ed857d7e5","receiver_uuid":"login_user","route":"log
    in","flow":"QUERY","state":"RESPONSE","flag":"LOCAL","ljump":1,"rjump":2,"record
    _type":"USER_DEFINE","record_subtype":"RETURN","record_num":1,"record_size":20,"
    expand_num":0,"expand_size":0,"msg_uuid":"88bb568865f568c617bc6f01ac34ba0246fbac
    f44e0b46f63932760bbbe16bc1"},
"RECORD":[
    {"return_code":"SUCCEED","return_info":"login succeed!
"}
    ],
"EXPAND" :[]
}

************************************************************
{
 "HEAD":{"tag":"MESG","version":65537,"sender_uuid":"login_user","receiver_uuid"
    :"7e6f00cd9b0782f4ab4564cf2f098f4143360651211952aabefa9f85d16d5080","route":"log
    in","flow":"QUERY","state":"RESPONSE","flag":"NULL","ljump":2,"rjump":2,"record_
    type":"USER_DEFINE","record_subtype":"RETURN","record_num":1,"record_size":20,"e
    xpand_num":0,"expand_size":0,"msg_uuid":"88bb568865f568c617bc6f01ac34ba0246fbacf
    44e0b46f63932760bbbe16bc1"},
"RECORD":[
    {"return_code":"SUCCEED","return_info":"login succeed!
"}
    ],
"EXPAND" :[]
}
