time: 0.000507 :read 3 elem from file /root/centoscloud/cube-1.3/proc/main/base_define/namelist.json!
time: 0.000693 :read 4 elem from file /root/centoscloud/cube-1.3/proc/main/base_define/dispatchnamelist.json!
time: 0.000792 :read 1 elem from file /root/centoscloud/cube-1.3/proc/main/base_define/typelist.json!
time: 0.001180 :read 7 elem from file /root/centoscloud/cube-1.3/proc/main/base_define/subtypelist.json!
time: 0.001257 :read 1 elem from file /root/centoscloud/cube-1.3/proc/main/base_define/baseflag.json!
time: 0.001596 :read 3 elem from file /root/centoscloud/cube-1.3/proc/main/base_define/memdb.json!
time: 0.002354 :read 7 elem from file /root/centoscloud/cube-1.3/proc/main/base_define/msghead.json!
time: 0.002714 :read 2 elem from file /root/centoscloud/cube-1.3/proc/main/base_define/msgrecord.json!
time: 0.003651 :read 11 elem from file /root/centoscloud/cube-1.3/proc/main/base_define/base_msg.json!
time: 0.004409 :read 9 elem from file /root/centoscloud/cube-1.3/proc/main/base_define/return.json!
time: 0.004788 :read 3 elem from file /root/centoscloud/cube-1.3/proc/main/base_define/dispatchrecord.json!
time: 0.004977 :read 2 elem from file /root/centoscloud/cube-1.3/proc/main/base_define/exmoduledefine.json!
time: 0.005136 :read 1 elem from file /root/centoscloud/cube-1.3/proc/main/base_define/sys_conn.json!
time: 0.005618 :read 6 elem from file /root/centoscloud/cube-1.3/proc/main/base_define/cube_audit.json!
time: 0.006515 :read 10 elem from file user_define.json!
time: 0.007278 :read 7 elem from file file_trans.json!
time: 0.008753 :read 16 elem from file plc_emu.json!
time: 0.008784 :proc_share_data_setvalue: set proc_name value
time: 0.043640 :this machine's local uuid is e1b35687ed25f36c612db60086c20be1d516084c5d867371471348a017fe1dc9

time: 0.043666 :proc_share_data_setvalue: set uuid value
time: 0.043685 :proc_share_data_getvalue: get proc_name value
time: 0.043704 :this instance's local proc uuid is 05946fca75bffebeddcaaf531bb2e8b1762322e1a1139ed4d658ff74073808cc

time: 0.050111 :read 4 connector!

time: 0.050133 :conn server engineer_station begin to listen!

time: 0.050431 :read 4 policy from router_policy file!
time: 0.050513 :read 2 policy from aspect policy file!
time: 0.050528 :mkdir message_log for ervery router's message store!

time: 0.050775 :system plugin router_proc is prepared!
time: 0.057745 :system plugin connector_proc is prepared!
time: 0.057850 :ex_module connector_proc started successfully!
time: 0.057878 :proc_share_data_getvalue: get uuid value
time: 0.057897 :proc_share_data_getvalue: get proc_name value
time: 0.057933 :ex_module router_proc started successfully!
time: 0.058006 :ex_module msg_send started successfully!
time: 0.058022 :client hacker_client connect succeed!

time: 0.058087 :ex_module msg_print started successftime: 0.058087 :ex_module msg_print started successfully!
time: 0.058136 :client center_client connect succeed!

time: 0.058163 :ex_module file_dealer started successfully!
time: 0.058175 :begin file_dealer start process! 

time: 0.058216 :begin msgfile_send module!

time: 0.058233 :ex_module login_user started successfully!
time: 0.058324 :ex_module logic_upload started successfully!
time: 0.058427 :ex_module file_replace started successfully!
time: 0.058496 :proc_share_data_getvalue: get uuid value
time: 0.058521 :ex_module sm2sign started successfully!
value
time: 0.058521 :ex_module sm2sign started successfully!
time: 0.058535 :instance load 9 module!

time: 0.064343 :proc conn client receive 277 data!

time: 0.064448 :send 356 data to conn hacker_client!

time: 0.064464 :client hacker_client send 356 ack data to server !

time: 0.064637 :router get proc connector_proc's message 
time: 0.074040 :proc conn client receive 273 data!

time: 0.074126 :send 352 data to conn plc_client!

time: 0.074141 :client plc_client send 352 ack data to server !

time: 0.076103 :router get proc connector_proc's message 
time: 0.080919 :proc conn client receive 279 data!

time: 0.081007 :send 358 data to conn center_client!

time: 0.081022 :client center_client send 358 ack data to server !

time: 0.081918 :router get proc connector_proc's message 
time: 1.058699 :create a new channel 28003484!

time: 1.058808 :send 281 data to conn (null)!

time: 1.064496 :channel set name engineer!

time: 1.066399 :router get proc connector_proc's message 
time: 1.565290 :channel receive (576 4) message from conn engineer!

time: 1.565324 :client forward (576 4) message to main proc!

time: 1.567727 :router get proc connector_proc's message 
time: 1.567768 :remote msg match path login's policy
time: 1.572964 :proc_share_data_getvalue: get uuid value
time: 1.572992 :proc_share_data_getvalue: get proc_name value
time: 1.573302 :router get proc login_user's message 
time: 1.573533 :send message to conn process!
time: 1.579241 :send 281 data to conn hacker_client!

time: 1.579264 :send (4112  1)message 281 to conn hacker_client!

time: 1.637638 :proc conn client receive 281 data!

time: 1.643123 :router get proc connector_proc's message 
time: 1.643151 :response remote msg match path login's policy
time: 1.643167 :router_proc: add message to send queue
time: 1.685790 :proc conn client receive 237 data!

time: 1.686443 :router get proc connector_proc's message 
time: 1.686472 :response remote msg match path login's policy
time: 1.686486 :router_proc: add message to send queue
time: 1.690676 :user zhao login succeed!
time: 1.690700 :proc_share_data_setvalue: set user_name value
time: 1.691770 :router get proc login_user's message 
time: 1.692002 :send message to conn process!
time: 1.692857 :send 237 data to conn engineer!

time: 1.692887 :send (4112  4)message 237 to conn engineer!

time: 2.072463 :channel receive (139280 3) message from conn engineer!

time: 2.072499 :client forward (139280 3) message to main proc!

time: 2.077123 :router get proc connector_proc's message 
time: 2.077154 :remote msg match path bin_upload's policy
time: 2.088086 :router get proc logic_upload's message 
time: 2.088439 :aspect message to path sm2sign's policy
time: 2.095644 :router get proc logic_upload's message 
time: 2.100228 :begin file send!

time: 2.101202 :router get proc file_dealer's message 
time: 2.101577 :send message to conn process!
time: 2.101771 :send 815 data to conn plc_client!

time: 2.101792 :send (769  2)message 815 to conn plc_client!

time: 2.117933 :router get proc sm2sign's message 
time: 2.156049 :router get proc file_dealer's message 
time: 2.156434 :send message to conn process!
time: 2.161196 :send 815 data to conn plc_client!

time: 2.161222 :send (769  2)message 815 to conn plc_client!

time: 2.206426 :router get proc file_dealer's message 
time: 2.206920 :send message to conn process!
time: 2.208408 :send 815 data to conn plc_client!

time: 2.208439 :send (769  2)message 815 to conn plc_client!

time: 2.256307 :router get proc file_dealer's message 
time: 2.256773 :send message to conn process!
time: 2.260992 :send 815 data to conn plc_client!

time: 2.261022 :send (769  2)message 815 to conn plc_client!

time: 2.304791 :router get proc file_dealer's message 
time: 2.305218 :send message to conn process!
time: 2.308042 :send 815 data to conn plc_client!

time: 2.308065 :send (769  2)message 815 to conn plc_client!

time: 2.353733 :router get proc file_dealer's message 
time: 2.354089 :send message to conn process!
time: 2.354197 :send 815 data to conn plc_client!

time: 2.354214 :send (769  2)message 815 to conn plc_client!

time: 2.406465 :router get proc file_dealer's message 
time: 2.406790 :send message to conn process!
time: 2.406898 :send 815 data to conn plc_client!

time: 2.406916 :send (769  2)message 815 to conn plc_client!

time: 2.460866 :router get proc file_dealer's message 
time: 2.461263 :send message to conn process!
time: 2.467205 :send 815 data to conn plc_client!

time: 2.467230 :send (769  2)message 815 to conn plc_client!

time: 2.509682 :router get proc file_dealer's message 
time: 2.510014 :send message to conn process!
time: 2.514897 :send 815 data to conn plc_client!

time: 2.514927 :send (769  2)message 815 to conn plc_client!

time: 2.557681 :router get proc file_dealer's message 
time: 2.558015 :send message to conn process!
time: 2.560846 :send 815 data to conn plc_client!

time: 2.560870 :send (769  2)message 815 to conn plc_client!

time: 2.611922 :router get proc file_dealer's message 
time: 2.612328 :send message to conn process!
time: 2.614388 :send 815 data to conn plc_client!

time: 2.614413 :send (769  2)message 815 to conn plc_client!

time: 2.661259 :router get proc file_dealer's message 
time: 2.661683 :send message to conn process!
time: 2.667740 :send 815 data to conn plc_client!

time: 2.667781 :send (769  2)message 815 to conn plc_client!

time: 2.709014 :router get proc file_dealer's message 
time: 2.709367 :send message to conn process!
time: 2.709558 :send 815 data to conn plc_client!

time: 2.709575 :send (769  2)message 815 to conn plc_client!

time: 2.762677 :router get proc file_dealer's message 
time: 2.763021 :send message to conn process!
time: 2.767751 :send 815 data to conn plc_client!

time: 2.767779 :send (769  2)message 815 to conn plc_client!

time: 2.811352 :router get proc file_dealer's message 
time: 2.811691 :send message to conn process!
time: 2.815027 :send 815 data to conn plc_client!

time: 2.815050 :send (769  2)message 815 to conn plc_client!

time: 2.860121 :router get proc file_dealer's message 
time: 2.860483 :send message to conn process!
time: 2.862061 :send 815 data to conn plc_client!

time: 2.862083 :send (769  2)message 815 to conn plc_client!

time: 2.912826 :router get proc file_dealer's message 
time: 2.913170 :send message to conn process!
time: 2.914429 :send 815 data to conn plc_client!

time: 2.914450 :send (769  2)message 815 to conn plc_client!

time: 3.960501 :router get proc file_dealer's message 
time: 3.960840 :send message to conn process!
time: 3.962551 :send 815 data to conn plc_client!

time: 3.962577 :send (769  2)message 815 to conn plc_client!

time: 3.011776 :router get proc file_dealer's message 
time: 3.012131 :send message to conn process!
time: 3.014261 :send 815 data to conn plc_client!

time: 3.014287 :send (769  2)message 815 to conn plc_client!

time: 3.065059 :router get proc file_dealer's message 
time: 3.065390 :send message to conn process!
time: 3.066095 :send 815 data to conn plc_client!

time: 3.066114 :send (769  2)message 815 to conn plc_client!

time: 3.114192 :router get proc file_dealer's message 
time: 3.114525 :send message to conn process!
time: 3.120234 :send 815 data to conn plc_client!

time: 3.120257 :send (769  2)message 815 to conn plc_client!

time: 3.163716 :router get proc file_dealer's message 
time: 3.164055 :send message to conn process!
time: 3.167467 :send 815 data to conn plc_client!

time: 3.167492 :send (769  2)message 815 to conn plc_client!

time: 3.212750 :router get proc file_dealer's message 
time: 3.213077 :send message to conn process!
time: 3.218248 :send 815 data to conn plc_client!

time: 3.218272 :send (769  2)message 815 to conn plc_client!

time: 3.267660 :router get proc file_dealer's message 
time: 3.268082 :send message to conn process!
time: 3.273455 :send 815 data to conn plc_client!

time: 3.273481 :send (769  2)message 815 to conn plc_client!

time: 3.317565 :router get proc file_dealer's message 
time: 3.317924 :send message to conn process!
time: 3.321749 :send 815 data to conn plc_client!

time: 3.321777 :send (769  2)message 815 to conn plc_client!

time: 3.366391 :router get proc file_dealer's message 
time: 3.366722 :send message to conn process!
time: 3.368965 :send 815 data to conn plc_client!

time: 3.368990 :send (769  2)message 815 to conn plc_client!

time: 3.414980 :router get proc file_dealer's message 
time: 3.415319 :send message to conn process!
time: 3.416983 :send 815 data to conn plc_client!

time: 3.417005 :send (769  2)message 815 to conn plc_client!

time: 3.469119 :router get proc file_dealer's message 
time: 3.469462 :send message to conn process!
time: 3.471801 :send 815 data to conn plc_client!

time: 3.471822 :send (769  2)message 815 to conn plc_client!

time: 3.518168 :router get proc file_dealer's message 
time: 3.518486 :send message to conn process!
time: 3.519310 :send 815 data to conn plc_client!

time: 3.519331 :send (769  2)message 815 to conn plc_client!

time: 3.572188 :router get proc file_dealer's message 
time: 3.572544 :send message to conn process!
time: 3.577815 :send 815 data to conn plc_client!

time: 3.577839 :send (769  2)message 815 to conn plc_client!

time: 3.619846 :router get proc file_dealer's message 
time: 3.620164 :send message to conn process!
time: 3.624829 :send 815 data to conn plc_client!

time: 3.624853 :send (769  2)message 815 to conn plc_client!

time: 3.673029 :router get proc file_dealer's message 
time: 3.673367 :send message to conn process!
time: 3.676576 :send 815 data to conn plc_client!

time: 3.676596 :send (769  2)message 815 to conn plc_client!

time: 3.721521 :router get proc file_dealer's message 
time: 3.721874 :send message to conn process!
time: 3.724034 :send 815 data to conn plc_client!

time: 3.724056 :send (769  2)message 815 to conn plc_client!

time: 3.781643 :router get proc file_dealer's message 
time: 3.782091 :send message to conn process!
time: 3.786818 :send 815 data to conn plc_client!

time: 3.786846 :send (769  2)message 815 to conn plc_client!

time: 3.826118 :router get proc file_dealer's message 
time: 3.826544 :send message to conn process!
time: 3.826992 :send 815 data to conn plc_client!

time: 3.827013 :send (769  2)message 815 to conn plc_client!

time: 3.883201 :router get proc file_dealer's message 
time: 3.883678 :send message to conn process!
time: 3.885340 :send 815 data to conn plc_client!

time: 3.885368 :send (769  2)message 815 to conn plc_client!

time: 3.931055 :router get proc file_dealer's message 
time: 3.931382 :send message to conn process!
time: 3.931598 :send 815 data to conn plc_client!

time: 3.931617 :send (769  2)message 815 to conn plc_client!

time: 4.984630 :router get proc file_dealer's message 
time: 4.984973 :send message to conn process!
time: 4.990004 :send 815 data to conn plc_client!

time: 4.990029 :send (769  2)message 815 to conn plc_client!

time: 4.032918 :router get proc file_dealer's message 
time: 4.033249 :send message to conn process!
time: 4.036103 :send 815 data to conn plc_client!

time: 4.036134 :send (769  2)message 815 to conn plc_client!

time: 4.083424 :router get proc file_dealer's message 
time: 4.083759 :send message to conn process!
time: 4.085033 :send 815 data to conn plc_client!

time: 4.085059 :send (769  2)message 815 to conn plc_client!

time: 4.133945 :router get proc file_dealer's message 
time: 4.134300 :send message to conn process!
time: 4.135141 :send 815 data to conn plc_client!

time: 4.135161 :send (769  2)message 815 to conn plc_client!

time: 4.183083 :router get proc file_dealer's message 
time: 4.183404 :send message to conn process!
time: 4.183560 :send 815 data to conn plc_client!

time: 4.183583 :send (769  2)message 815 to conn plc_client!

time: 4.236510 :router get proc file_dealer's message 
time: 4.236833 :send message to conn process!
time: 4.242128 :send 815 data to conn plc_client!

time: 4.242153 :send (769  2)message 815 to conn plc_client!

time: 4.284896 :router get proc file_dealer's message 
time: 4.285341 :send message to conn process!
time: 4.290588 :send 815 data to conn plc_client!

time: 4.290612 :send (769  2)message 815 to conn plc_client!

time: 4.345336 :router get proc file_dealer's message 
time: 4.345679 :send message to conn process!
time: 4.351308 :send 815 data to conn plc_client!

time: 4.351337 :send (769  2)message 815 to conn plc_client!

time: 4.388898 :router get proc file_dealer's message 
time: 4.389238 :send message to conn process!
time: 4.394568 :send 815 data to conn plc_client!

time: 4.394594 :send (769  2)message 815 to conn plc_client!

time: 4.437187 :router get proc file_dealer's message 
time: 4.437514 :send message to conn process!
time: 4.442814 :send 815 data to conn plc_client!

time: 4.442839 :send (769  2)message 815 to conn plc_client!

time: 4.486314 :router get proc file_dealer's message 
time: 4.486650 :send message to conn process!
time: 4.491952 :send 815 data to conn plc_client!

time: 4.491977 :send (769  2)message 815 to conn plc_client!

time: 4.539524 :router get proc file_dealer's message 
time: 4.539924 :send message to conn process!
time: 4.545050 :send 815 data to conn plc_client!

time: 4.545073 :send (769  2)message 815 to conn plc_client!

time: 4.586835 :router get proc file_dealer's message 
time: 4.587163 :send message to conn process!
time: 4.592060 :send 743 data to conn plc_client!

time: 4.592083 :send (769  2)message 743 to conn plc_client!

time: 4.686156 :send file logic_bin/7fe15f8f075db96e5df6855a2fdc21cb48ada19b21d667477fe47d776072686f succeed!

time: 4.694293 :router get proc file_dealer's message 
time: 4.694727 :send message to conn process!
time: 4.698939 :send 475 data to conn plc_client!

time: 4.698961 :send (139280  3)message 475 to conn plc_client!

time: 4.765148 :proc conn client receive 289 data!

time: 4.770485 :router get proc connector_proc's message 
time: 4.770515 :response remote msg match path bin_upload's policy
time: 4.770527 :router_proc: add message to send queue
time: 4.776137 :router get proc msg_print's message 
time: 4.776469 :send message to conn process!
time: 4.779025 :send 289 data to conn engineer!

time: 4.779044 :send (139280  4)message 289 to conn engineer!

