time: 0.001098 :read 3 elem from file /root/centoscloud/cube-1.3/proc/main/base_define/namelist.json!
time: 0.002117 :read 4 elem from file /root/centoscloud/cube-1.3/proc/main/base_define/dispatchnamelist.json!
time: 0.003171 :read 1 elem from file /root/centoscloud/cube-1.3/proc/main/base_define/typelist.json!
time: 0.004589 :read 7 elem from file /root/centoscloud/cube-1.3/proc/main/base_define/subtypelist.json!
time: 0.005618 :read 1 elem from file /root/centoscloud/cube-1.3/proc/main/base_define/baseflag.json!
time: 0.006758 :read 3 elem from file /root/centoscloud/cube-1.3/proc/main/base_define/memdb.json!
time: 0.008233 :read 7 elem from file /root/centoscloud/cube-1.3/proc/main/base_define/msghead.json!
time: 0.009234 :read 2 elem from file /root/centoscloud/cube-1.3/proc/main/base_define/msgrecord.json!
time: 0.010935 :read 11 elem from file /root/centoscloud/cube-1.3/proc/main/base_define/base_msg.json!
time: 0.012605 :read 9 elem from file /root/centoscloud/cube-1.3/proc/main/base_define/return.json!
time: 0.013818 :read 3 elem from file /root/centoscloud/cube-1.3/proc/main/base_define/dispatchrecord.json!
time: 0.014714 :read 2 elem from file /root/centoscloud/cube-1.3/proc/main/base_define/exmoduledefine.json!
time: 0.015573 :read 1 elem from file /root/centoscloud/cube-1.3/proc/main/base_define/sys_conn.json!
time: 0.016800 :read 6 elem from file /root/centoscloud/cube-1.3/proc/main/base_define/cube_audit.json!
time: 0.019796 :read 9 elem from file user_define.json!
time: 0.021719 :read 7 elem from file file_trans.json!
time: 0.023498 :read 16 elem from file plc_emu.json!
time: 0.023595 :proc_share_data_setvalue: set proc_name value
time: 0.023840 :read 6 elem from file user.list!
time: 0.037113 :this machine's local uuid is 989949064cc144d7cb71e69812300f8270cee7fd856560dec33c7fcdc57a088f

time: 0.037142 :proc_share_data_setvalue: set uuid value
time: 0.037160 :proc_share_data_getvalue: get proc_name value
time: 0.037173 :this instance's local proc uuid is 601576fe1b7056869a95eab7078df74412b6be71c08a92655c5bd6c95b3d1b81

time: 0.042537 :read 1 connector!

time: 0.042558 :conn server center_server begin to listen!

time: 0.042788 :read 5 policy from router_policy file!
time: 0.042869 :mkdir message_log for ervery router's message store!

time: 0.042900 :system plugin router_proc is prepared!
time: 0.052268 :system plugin connector_proc is prepared!
time: 0.052366 :ex_module connector_proc started successfully!
time: 0.052408 :ex_module router_proc started successfully!
time: 0.052433 :ex_module msg_send started successfully!
time: 0.052465 :ex_module msg_print started successfully!
time: 0.052491 :ex_module file_dealer started successfully!
time: 0.052530 :ex_module login_server started successfully!
time: 0.052566 :ex_module logic_store started successfully!
time: 0.052591 :ex_module recordlib started successfully!
time: 0.052597 :instance load 8 module!

time: 0.052653 :read 0 lib files!

time: 0.052688 :begin msgfile_send module!

time: 0.052705 :proc_share_data_getvalue: get uuid value
time: 0.052712 :proc_share_data_getvalue: get proc_name value
time: 0.052729 :proc_share_data_getvalue: get uuid value
time: 0.052735 :proc_share_data_getvalue: get proc_name value
time: 0.052760 :begin file_dealer start process! 

time: 1.034377 :create a new channel 84000b74!

time: 1.034516 :send 277 data to conn (null)!

time: 1.044521 :channel set name engineer_station!

time: 1.048209 :router get proc connector_proc's message 
time: 2.561306 :channel receive (4112 1) message from conn engineer_station!

time: 2.561347 :client forward (4112 1) message to main proc!

time: 2.565380 :router get proc connector_proc's message 
time: 2.565436 :remote msg match path login's policy
time: 2.570833 :router get proc login_server's message 
time: 2.571059 :send message to conn process!
time: 2.572565 :send 200 data to conn engineer_station!

time: 2.572596 :send (4112  4)message 200 to conn engineer_station!

time: 5.573208 :create a new channel 84001074!

time: 5.573382 :send 279 data to conn (null)!

time: 5.574727 :channel set name monitor_term!

time: 5.579757 :router get proc connector_proc's message 
time: 7.093986 :channel receive (4112 1) message from conn monitor_term!

time: 7.094022 :client forward (4112 1) message to main proc!

time: 7.097907 :router get proc connector_proc's message 
time: 7.097940 :remote msg match path login's policy
time: 7.103227 :router get proc login_server's message 
time: 7.103475 :send message to conn process!
time: 7.104542 :send 200 data to conn monitor_term!

time: 7.104561 :send (4112  4)message 200 to conn monitor_term!

